<?xml version="1.0" encoding="UTF-8"?>
<testng-results skipped="0" failed="0" ignored="0" total="5" passed="5">
  <reporter-output>
  </reporter-output>
  <suite name="Suite" duration-ms="17450" started-at="2020-09-21T11:31:38 ART" finished-at="2020-09-21T11:31:55 ART">
    <groups>
    </groups>
    <test name="Test" duration-ms="4" started-at="2020-09-21T11:31:38 ART" finished-at="2020-09-21T11:31:38 ART">
    </test> <!-- Test -->
    <test name="Validate Title" duration-ms="8525" started-at="2020-09-21T11:31:38 ART" finished-at="2020-09-21T11:31:46 ART">
      <class name="Academy.validateTitle">
        <test-method status="PASS" signature="initialize()[pri:0, instance:Academy.validateTitle@3f4faf53]" name="initialize" is-config="true" duration-ms="8282" started-at="2020-09-21T11:31:38 ART" finished-at="2020-09-21T11:31:46 ART">
          <reporter-output>
          </reporter-output>
        </test-method> <!-- initialize -->
        <test-method status="PASS" signature="getTitle()[pri:0, instance:Academy.validateTitle@3f4faf53]" name="getTitle" duration-ms="56" started-at="2020-09-21T11:31:46 ART" finished-at="2020-09-21T11:31:46 ART">
          <reporter-output>
          </reporter-output>
        </test-method> <!-- getTitle -->
        <test-method status="PASS" signature="validateHeader()[pri:0, instance:Academy.validateTitle@3f4faf53]" name="validateHeader" duration-ms="43" started-at="2020-09-21T11:31:46 ART" finished-at="2020-09-21T11:31:46 ART">
          <reporter-output>
          </reporter-output>
        </test-method> <!-- validateHeader -->
        <test-method status="PASS" signature="teardown()[pri:0, instance:Academy.validateTitle@3f4faf53]" name="teardown" is-config="true" duration-ms="133" started-at="2020-09-21T11:31:46 ART" finished-at="2020-09-21T11:31:46 ART">
          <reporter-output>
          </reporter-output>
        </test-method> <!-- teardown -->
      </class> <!-- Academy.validateTitle -->
    </test> <!-- Validate Title -->
    <test name="Validate Navigation Bar" duration-ms="8929" started-at="2020-09-21T11:31:38 ART" finished-at="2020-09-21T11:31:47 ART">
      <class name="Academy.validateNavigationBar">
        <test-method status="PASS" signature="initialize()[pri:0, instance:Academy.validateNavigationBar@76494737]" name="initialize" is-config="true" duration-ms="8785" started-at="2020-09-21T11:31:38 ART" finished-at="2020-09-21T11:31:47 ART">
          <reporter-output>
          </reporter-output>
        </test-method> <!-- initialize -->
        <test-method status="PASS" signature="basePageNavigation()[pri:0, instance:Academy.validateNavigationBar@76494737]" name="basePageNavigation" duration-ms="60" started-at="2020-09-21T11:31:47 ART" finished-at="2020-09-21T11:31:47 ART">
          <reporter-output>
          </reporter-output>
        </test-method> <!-- basePageNavigation -->
        <test-method status="PASS" signature="teardown()[pri:0, instance:Academy.validateNavigationBar@76494737]" name="teardown" is-config="true" duration-ms="81" started-at="2020-09-21T11:31:47 ART" finished-at="2020-09-21T11:31:47 ART">
          <reporter-output>
          </reporter-output>
        </test-method> <!-- teardown -->
      </class> <!-- Academy.validateNavigationBar -->
    </test> <!-- Validate Navigation Bar -->
    <test name="Home Page" duration-ms="17450" started-at="2020-09-21T11:31:38 ART" finished-at="2020-09-21T11:31:55 ART">
      <class name="Academy.HomePage">
        <test-method status="PASS" signature="initialize()[pri:0, instance:Academy.HomePage@35841320]" name="initialize" is-config="true" duration-ms="4530" started-at="2020-09-21T11:31:38 ART" finished-at="2020-09-21T11:31:42 ART">
          <reporter-output>
          </reporter-output>
        </test-method> <!-- initialize -->
        <test-method status="PASS" signature="loginHomePage(java.lang.String, java.lang.String)[pri:0, instance:Academy.HomePage@35841320]" name="loginHomePage" duration-ms="9655" started-at="2020-09-21T11:31:42 ART" data-provider="getData" finished-at="2020-09-21T11:31:52 ART">
          <params>
            <param index="0">
              <value>
                <![CDATA[nonrestricteduser@qw.com]]>
              </value>
            </param>
            <param index="1">
              <value>
                <![CDATA[123456]]>
              </value>
            </param>
          </params>
          <reporter-output>
          </reporter-output>
        </test-method> <!-- loginHomePage -->
        <test-method status="PASS" signature="loginHomePage(java.lang.String, java.lang.String)[pri:0, instance:Academy.HomePage@35841320]" name="loginHomePage" duration-ms="3177" started-at="2020-09-21T11:31:52 ART" data-provider="getData" finished-at="2020-09-21T11:31:55 ART">
          <params>
            <param index="0">
              <value>
                <![CDATA[restricteduser@qw.com]]>
              </value>
            </param>
            <param index="1">
              <value>
                <![CDATA[123456]]>
              </value>
            </param>
          </params>
          <reporter-output>
          </reporter-output>
        </test-method> <!-- loginHomePage -->
        <test-method status="PASS" signature="teardown()[pri:0, instance:Academy.HomePage@35841320]" name="teardown" is-config="true" duration-ms="69" started-at="2020-09-21T11:31:55 ART" finished-at="2020-09-21T11:31:55 ART">
          <reporter-output>
          </reporter-output>
        </test-method> <!-- teardown -->
      </class> <!-- Academy.HomePage -->
    </test> <!-- Home Page -->
  </suite> <!-- Suite -->
</testng-results>
